#################################################################
# If you used AutoDock Vina in your work, please cite:          #
#                                                               #
# O. Trott, A. J. Olson,                                        #
# AutoDock Vina: improving the speed and accuracy of docking    #
# with a new scoring function, efficient optimization and       #
# multithreading, Journal of Computational Chemistry 31 (2010)  #
# 455-461                                                       #
#                                                               #
# DOI 10.1002/jcc.21334                                         #
#                                                               #
# Please see http://vina.scripps.edu for more information.      #
#################################################################

WARNING: The search space volume > 27000 Angstrom^3 (See FAQ)
Output will be Nisoldipine_out.pdbqt
Detected 12 CPUs
WARNING: at low exhaustiveness, it may be impossible to utilize all CPUs
Reading input ... done.
Setting up the scoring function ... done.
Analyzing the binding site ... done.
Using random seed: -393658188
Performing search ... done.
Refining results ... done.

mode |   affinity | dist from best mode
     | (kcal/mol) | rmsd l.b.| rmsd u.b.
-----+------------+----------+----------
   1         -8.4      0.000      0.000
   2         -7.9      4.258      6.436
   3         -7.6      3.168      5.844
   4         -7.6      3.166      8.378
   5         -7.5     50.449     52.841
   6         -7.5     45.071     48.551
   7         -7.5     32.124     33.304
   8         -7.3      3.527      6.313
   9         -7.3     74.939     79.369
  10         -7.3     43.790     48.322
Writing output ... done.
